[INFO] Scanning for projects...
[INFO] 
[INFO] --------------------< com.compassed:compassed-api >---------------------
[INFO] Building compassed-api 0.0.1-SNAPSHOT
[INFO]   from pom.xml
[INFO] --------------------------------[ jar ]---------------------------------
[INFO] 
[INFO] >>> spring-boot:4.0.1:run (default-cli) > test-compile @ compassed-api >>>
[INFO] 
[INFO] --- resources:3.3.1:resources (default-resources) @ compassed-api ---
[INFO] Copying 3 resources from src/main/resources to target/classes
[INFO] Copying 12 resources from src/main/resources to target/classes
[INFO] 
[INFO] --- compiler:3.11.0:compile (default-compile) @ compassed-api ---
[INFO] Nothing to compile - all classes are up to date
[INFO] 
[INFO] --- resources:3.3.1:testResources (default-testResources) @ compassed-api ---
[INFO] skip non existing resourceDirectory /Users/hoangngoctinh/compassED/ED/BE/compassed-api/src/test/resources
[INFO] 
[INFO] --- compiler:3.11.0:testCompile (default-testCompile) @ compassed-api ---
[INFO] Nothing to compile - all classes are up to date
[INFO] 
[INFO] <<< spring-boot:4.0.1:run (default-cli) < test-compile @ compassed-api <<<
[INFO] 
[INFO] 
[INFO] --- spring-boot:4.0.1:run (default-cli) @ compassed-api ---
[INFO] Attaching agents: []

  .   ____          _            __ _ _
 /\\ / ___'_ __ _ _(_)_ __  __ _ \ \ \ \
( ( )\___ | '_ | '_| | '_ \/ _` | \ \ \ \
 \\/  ___)| |_)| | | | | || (_| |  ) ) ) )
  '  |____| .__|_| |_|_| |_\__, | / / / /
 =========|_|==============|___/=/_/_/_/

 :: Spring Boot ::                (v4.0.1)

2026-03-02T20:26:16.513+07:00  INFO 74287 --- [compassed-api] [  restartedMain] c.c.c.CompassedApiApplication            : Starting CompassedApiApplication using Java 17.0.17 with PID 74287 (/Users/hoangngoctinh/compassED/ED/BE/compassed-api/target/classes started by hoangngoctinh in /Users/hoangngoctinh/compassED/ED/BE/compassed-api)
2026-03-02T20:26:16.517+07:00  INFO 74287 --- [compassed-api] [  restartedMain] c.c.c.CompassedApiApplication            : The following 1 profile is active: "mysql"
2026-03-02T20:26:16.572+07:00  INFO 74287 --- [compassed-api] [  restartedMain] .e.DevToolsPropertyDefaultsPostProcessor : Devtools property defaults active! Set 'spring.devtools.add-properties' to 'false' to disable
2026-03-02T20:26:16.572+07:00  INFO 74287 --- [compassed-api] [  restartedMain] .e.DevToolsPropertyDefaultsPostProcessor : For additional web related logging consider setting the 'logging.level.web' property to 'DEBUG'
2026-03-02T20:26:17.316+07:00  INFO 74287 --- [compassed-api] [  restartedMain] .s.d.r.c.RepositoryConfigurationDelegate : Bootstrapping Spring Data JPA repositories in DEFAULT mode.
2026-03-02T20:26:17.505+07:00  INFO 74287 --- [compassed-api] [  restartedMain] .s.d.r.c.RepositoryConfigurationDelegate : Finished Spring Data repository scanning in 180 ms. Found 28 JPA repository interfaces.
2026-03-02T20:26:18.031+07:00  INFO 74287 --- [compassed-api] [  restartedMain] o.s.boot.tomcat.TomcatWebServer          : Tomcat initialized with port 8080 (http)
2026-03-02T20:26:18.045+07:00  INFO 74287 --- [compassed-api] [  restartedMain] o.apache.catalina.core.StandardService   : Starting service [Tomcat]
2026-03-02T20:26:18.046+07:00  INFO 74287 --- [compassed-api] [  restartedMain] o.apache.catalina.core.StandardEngine    : Starting Servlet engine: [Apache Tomcat/11.0.15]
2026-03-02T20:26:18.076+07:00  INFO 74287 --- [compassed-api] [  restartedMain] b.w.c.s.WebApplicationContextInitializer : Root WebApplicationContext: initialization completed in 1504 ms
2026-03-02T20:26:18.222+07:00  INFO 74287 --- [compassed-api] [  restartedMain] org.hibernate.orm.jpa                    : HHH008540: Processing PersistenceUnitInfo [name: default]
2026-03-02T20:26:18.260+07:00  INFO 74287 --- [compassed-api] [  restartedMain] org.hibernate.orm.core                   : HHH000001: Hibernate ORM core version 7.2.0.Final
2026-03-02T20:26:18.653+07:00  INFO 74287 --- [compassed-api] [  restartedMain] o.s.o.j.p.SpringPersistenceUnitInfo      : No LoadTimeWeaver setup: ignoring JPA class transformer
2026-03-02T20:26:18.676+07:00  INFO 74287 --- [compassed-api] [  restartedMain] com.zaxxer.hikari.HikariDataSource       : HikariPool-1 - Starting...
2026-03-02T20:26:18.809+07:00  INFO 74287 --- [compassed-api] [  restartedMain] com.zaxxer.hikari.pool.HikariPool        : HikariPool-1 - Added connection com.mysql.cj.jdbc.ConnectionImpl@6e8d0f67
2026-03-02T20:26:18.810+07:00  INFO 74287 --- [compassed-api] [  restartedMain] com.zaxxer.hikari.HikariDataSource       : HikariPool-1 - Start completed.
2026-03-02T20:26:18.883+07:00  INFO 74287 --- [compassed-api] [  restartedMain] org.hibernate.orm.connections.pooling    : HHH10001005: Database info:
	Database JDBC URL [jdbc:mysql://localhost:3306/compassed?useSSL=false&allowPublicKeyRetrieval=true&serverTimezone=UTC]
	Database driver: MySQL Connector/J
	Database dialect: MySQLDialect
	Database version: 9.6
	Default catalog/schema: compassed/undefined
	Autocommit mode: undefined/unknown
	Isolation level: REPEATABLE_READ [default REPEATABLE_READ]
	JDBC fetch size: none
	Pool: DataSourceConnectionProvider
	Minimum pool size: undefined/unknown
	Maximum pool size: undefined/unknown
2026-03-02T20:26:20.057+07:00  INFO 74287 --- [compassed-api] [  restartedMain] org.hibernate.orm.core                   : HHH000489: No JTA platform available (set 'hibernate.transaction.jta.platform' to enable JTA platform integration)
2026-03-02T20:26:20.189+07:00  INFO 74287 --- [compassed-api] [  restartedMain] j.LocalContainerEntityManagerFactoryBean : Initialized JPA EntityManagerFactory for persistence unit 'default'
2026-03-02T20:26:20.446+07:00  INFO 74287 --- [compassed-api] [  restartedMain] o.s.d.j.r.query.QueryEnhancerFactories   : Hibernate is in classpath; If applicable, HQL parser will be used.
2026-03-02T20:26:21.141+07:00  INFO 74287 --- [compassed-api] [  restartedMain] c.c.c.service.PaymentService             : PayOS config: enabled=false, clientIdSet=false, apiKeyLen=0, checksumKeyLen=0, baseUrl=https://api-merchant.payos.vn
2026-03-02T20:26:21.571+07:00  WARN 74287 --- [compassed-api] [  restartedMain] .s.a.UserDetailsServiceAutoConfiguration : 

Using generated security password: 8d899965-262c-4ce0-8fea-11fc27f32b55

This generated password is for development use only. Your security configuration must be updated before running your application in production.

2026-03-02T20:26:21.582+07:00  INFO 74287 --- [compassed-api] [  restartedMain] r$InitializeUserDetailsManagerConfigurer : Global AuthenticationManager configured with UserDetailsService bean with name inMemoryUserDetailsManager
2026-03-02T20:26:22.094+07:00  INFO 74287 --- [compassed-api] [  restartedMain] o.s.boot.tomcat.TomcatWebServer          : Tomcat started on port 8080 (http) with context path '/'
2026-03-02T20:26:22.101+07:00  INFO 74287 --- [compassed-api] [  restartedMain] c.c.c.CompassedApiApplication            : Started CompassedApiApplication in 6.015 seconds (process running for 6.43)
2026-03-02T20:26:28.534+07:00  INFO 74287 --- [compassed-api] [nio-8080-exec-1] o.a.c.c.C.[Tomcat].[localhost].[/]       : Initializing Spring DispatcherServlet 'dispatcherServlet'
2026-03-02T20:26:28.534+07:00  INFO 74287 --- [compassed-api] [nio-8080-exec-1] o.s.web.servlet.DispatcherServlet        : Initializing Servlet 'dispatcherServlet'
2026-03-02T20:26:28.535+07:00  INFO 74287 --- [compassed-api] [nio-8080-exec-1] o.s.web.servlet.DispatcherServlet        : Completed initialization in 1 ms
2026-03-02T20:26:28.545+07:00  WARN 74287 --- [compassed-api] [nio-8080-exec-1] o.s.w.s.h.HandlerMappingIntrospector     : Cache miss for REQUEST dispatch to '/api/subjects' (previous null). Performing CorsConfiguration lookup. This is logged once only at WARN level, and every time at TRACE.
